<?xml version="1.0" encoding="UTF-8"?>
<!-- Generated by org.testng.reporters.JUnitXMLReporter -->
<testsuite ignored="2" hostname="BRADY-LAPTOP" failures="0" tests="1" name="Default test" time="7.017" errors="0" timestamp="2025-07-27T23:23:49 EDT">
  <testcase classname="TestNGExecutions.FinalAssignmentTest" name="TC_DEMOQA_001" time="6.978"/>
  <testcase classname="TestNGExecutions.FinalAssignmentTest" name="TC_DEMOQA_002" time="0.0">
    <ignored/>
  </testcase> <!-- TC_DEMOQA_002 -->
  <testcase classname="TestNGExecutions.FinalAssignmentTest" name="TC_DEMOQA_003" time="0.0">
    <ignored/>
  </testcase> <!-- TC_DEMOQA_003 -->
</testsuite> <!-- Default test -->
