<?xml version="1.0" encoding="UTF-8"?>
<testng-results ignored="2" total="3" passed="1" failed="0" skipped="0">
  <reporter-output>
  </reporter-output>
  <suite started-at="2025-07-27T23:23:42 EDT" name="Default suite" finished-at="2025-07-27T23:23:49 EDT" duration-ms="7017">
    <groups>
    </groups>
    <test started-at="2025-07-27T23:23:42 EDT" name="Default test" finished-at="2025-07-27T23:23:49 EDT" duration-ms="7017">
      <class name="TestNGExecutions.FinalAssignmentTest">
        <test-method signature="TC_DEMOQA_001()[pri:1, instance:TestNGExecutions.FinalAssignmentTest@3b0090a4]" started-at="2025-07-27T23:23:42 EDT" name="TC_DEMOQA_001" finished-at="2025-07-27T23:23:49 EDT" duration-ms="6978" status="PASS">
          <reporter-output>
          </reporter-output>
        </test-method> <!-- TC_DEMOQA_001 -->
      </class> <!-- TestNGExecutions.FinalAssignmentTest -->
    </test> <!-- Default test -->
  </suite> <!-- Default suite -->
</testng-results>
